This is pdfTeX, Version 3.1415926-2.4-1.40.13 (TeX Live 2012) (format=pdflatex 2012.6.30)  22 MAR 2013 13:15
entering extended mode
 restricted \write18 enabled.
 file:line:error style messages enabled.
 %&-line parsing enabled.
**/Users/williamlundinforssen/MasterThesis/beta/xjobb-en.tex
(/Users/williamlundinforssen/MasterThesis/beta/xjobb-en.tex
LaTeX2e <2011/06/27>
Babel <v3.8m> and hyphenation patterns for english, dumylang, nohyphenation, ge
rman-x-2012-05-30, ngerman-x-2012-05-30, afrikaans, ancientgreek, ibycus, arabi
c, armenian, basque, bulgarian, catalan, pinyin, coptic, croatian, czech, danis
h, dutch, ukenglish, usenglishmax, esperanto, estonian, ethiopic, farsi, finnis
h, french, friulan, galician, german, ngerman, swissgerman, monogreek, greek, h
ungarian, icelandic, assamese, bengali, gujarati, hindi, kannada, malayalam, ma
rathi, oriya, panjabi, tamil, telugu, indonesian, interlingua, irish, italian, 
kurmanji, latin, latvian, lithuanian, mongolian, mongolianlmc, bokmal, nynorsk,
 polish, portuguese, romanian, romansh, russian, sanskrit, serbian, serbianc, s
lovak, slovenian, spanish, swedish, turkish, turkmen, ukrainian, uppersorbian, 
welsh, loaded.
(/usr/local/texlive/2012/texmf-dist/tex/generic/oberdiek/ifpdf.sty
Package: ifpdf 2011/01/30 v2.3 Provides the ifpdf switch (HO)
Package ifpdf Info: pdfTeX in PDF mode is detected.
)
(./kth-mag.cls
Document Class: kth-mag 2004/12/14 v2.1 Document Class for KTH Theses
(./memoir.cls
Document Class: memoir 2004/04/05 v1.61 configurable document class
\onelineskip=\skip41
\lxvchars=\skip42
\xlvchars=\skip43
\@memcnta=\count79
\stockheight=\skip44
\stockwidth=\skip45
\trimtop=\skip46
\trimedge=\skip47
(./mem11.clo
File: mem11.clo 2002/07/27 v0.2 memoir class 11pt size option
)
\spinemargin=\skip48
\foremargin=\skip49
\uppermargin=\skip50
\lowermargin=\skip51
\headdrop=\skip52
\normalrulethickness=\skip53
\headwidth=\skip54
\c@storedpagenumber=\count80
\thanksmarkwidth=\skip55
\thanksmarksep=\skip56
\droptitle=\skip57
\abstitleskip=\skip58
\absleftindent=\skip59
\absrightindent=\skip60
\absparindent=\skip61
\absparsep=\skip62
\c@part=\count81
\c@chapter=\count82
\c@section=\count83
\c@subsection=\count84
\c@subsubsection=\count85
\c@paragraph=\count86
\c@subparagraph=\count87
\beforechapskip=\skip63
\midchapskip=\skip64
\afterchapskip=\skip65
\chapindent=\skip66
\bottomsectionskip=\skip67
\secindent=\skip68
\beforesecskip=\skip69
\aftersecskip=\skip70
\subsecindent=\skip71
\beforesubsecskip=\skip72
\aftersubsecskip=\skip73
\subsubsecindent=\skip74
\beforesubsubsecskip=\skip75
\aftersubsubsecskip=\skip76
\paraindent=\skip77
\beforeparaskip=\skip78
\afterparaskip=\skip79
\subparaindent=\skip80
\beforesubparaskip=\skip81
\aftersubparaskip=\skip82
\pfbreakskip=\skip83
\c@@ppsavesec=\count88
\c@@ppsaveapp=\count89
\ragrparindent=\dimen102
\parsepi=\skip84
\topsepi=\skip85
\itemsepi=\skip86
\parsepii=\skip87
\topsepii=\skip88
\topsepiii=\skip89
\m@msavetopsep=\skip90
\m@msavepartopsep=\skip91
\@enLab=\toks14
\c@vslineno=\count90
\c@poemline=\count91
\c@modulo@vs=\count92
\vleftskip=\skip92
\vrightskip=\skip93
\stanzaskip=\skip94
\versewidth=\skip95
\vgap=\skip96
\vindent=\skip97
\c@verse=\count93
\c@chrsinstr=\count94
\beforepoemtitleskip=\skip98
\afterpoemtitleskip=\skip99
\col@sep=\dimen103
\extrarowheight=\dimen104
\NC@list=\toks15
\extratabsurround=\skip100
\backup@length=\skip101
\TX@col@width=\dimen105
\TX@old@table=\dimen106
\TX@old@col=\dimen107
\TX@target=\dimen108
\TX@delta=\dimen109
\TX@cols=\count95
\TX@ftn=\toks16
\heavyrulewidth=\dimen110
\lightrulewidth=\dimen111
\cmidrulewidth=\dimen112
\belowrulesep=\dimen113
\belowbottomsep=\dimen114
\aboverulesep=\dimen115
\abovetopsep=\dimen116
\cmidrulesep=\dimen117
\cmidrulekern=\dimen118
\defaultaddspace=\dimen119
\@cmidla=\count96
\@cmidlb=\count97
\@aboverulesep=\dimen120
\@belowrulesep=\dimen121
\@thisruleclass=\count98
\@lastruleclass=\count99
\@thisrulewidth=\dimen122
\ctableftskip=\skip102
\ctabrightskip=\skip103
\abovecolumnspenalty=\count100
\@linestogo=\count101
\@cellstogo=\count102
\@cellsincolumn=\count103
\crtok=\toks17
\@mincolumnwidth=\dimen123
\c@newflo@tctr=\count104
\@contcwidth=\skip104
\@contindw=\skip105
\abovecaptionskip=\skip106
\belowcaptionskip=\skip107
\subfloattopskip=\skip108
\subfloatcapskip=\skip109
\subfloatcaptopadj=\skip110
\subfloatbottomskip=\skip111
\subfloatlabelskip=\skip112
\subfloatcapmargin=\dimen124
\c@@contsubnum=\count105
\beforeepigraphskip=\skip113
\afterepigraphskip=\skip114
\epigraphwidth=\skip115
\epigraphrule=\skip116
LaTeX Info: Redefining \emph on input line 4419.
LaTeX Info: Redefining \em on input line 4420.
\tocentryskip=\skip117
\tocbaseline=\skip118
\cftparskip=\skip119
\cftbeforepartskip=\skip120
\cftpartindent=\skip121
\cftpartnumwidth=\skip122
\cftbeforechapterskip=\skip123
\cftchapterindent=\skip124
\cftchapternumwidth=\skip125
\cftbeforesectionskip=\skip126
\cftsectionindent=\skip127
\cftsectionnumwidth=\skip128
\cftbeforesubsectionskip=\skip129
\cftsubsectionindent=\skip130
\cftsubsectionnumwidth=\skip131
\cftbeforesubsubsectionskip=\skip132
\cftsubsubsectionindent=\skip133
\cftsubsubsectionnumwidth=\skip134
\cftbeforeparagraphskip=\skip135
\cftparagraphindent=\skip136
\cftparagraphnumwidth=\skip137
\cftbeforesubparagraphskip=\skip138
\cftsubparagraphindent=\skip139
\cftsubparagraphnumwidth=\skip140
\c@maxsecnumdepth=\count106
\bibindent=\dimen125
\bibitemsep=\skip141
\indexcolsep=\skip142
\indexrule=\skip143
\indexmarkstyle=\toks18
\@indexbox=\insert233
\sideparvshift=\skip144
\sideins=\insert232
\sidebarhsep=\skip145
\sidebarvsep=\skip146
\sidebarwidth=\skip147
\footmarkwidth=\skip148
\footmarksep=\skip149
\footparindent=\skip150
\footinsdim=\skip151
\footinsv@r=\insert231
\@mpfootinsv@r=\insert230
\m@m@k=\count107
\m@m@h=\dimen126
\m@mipn@skip=\skip152
\c@sheetsequence=\count108
\c@lastsheet=\count109
\c@lastpage=\count110
\every@verbatim=\toks19
\afterevery@verbatim=\toks20
\verbatim@line=\toks21
\tab@position=\count111
\verbatim@in@stream=\read1
\verbatimindent=\skip153
\verbatim@out=\write3
\bvboxsep=\skip154
\c@bvlinectr=\count112
\bvnumlength=\skip155
\FrameRule=\dimen127
\FrameSep=\dimen128
\c@cp@cntr=\count113
LaTeX Info: Redefining \: on input line 7541.
LaTeX Info: Redefining \! on input line 7543.
\c@ism@mctr=\count114
\c@xsm@mctr=\count115
\c@csm@mctr=\count116
\c@ksm@mctr=\count117
\c@xksm@mctr=\count118
\c@cksm@mctr=\count119
\c@msm@mctr=\count120
\c@xmsm@mctr=\count121
\c@cmsm@mctr=\count122
\c@bsm@mctr=\count123
\c@workm@mctr=\count124
\c@figure=\count125
\c@lofdepth=\count126
\c@lofdepth=\count126
\cftbeforefigureskip=\skip156
\cftfigureindent=\skip157
\cftfigurenumwidth=\skip158
\c@table=\count126
\c@lotdepth=\count127
\c@lotdepth=\count127
\cftbeforetableskip=\skip159
\cfttableindent=\skip160
\cfttablenumwidth=\skip161
 (./mempatch.sty
File: mempatch.sty 2005/02/01 v3.5 Patches for memoir class v1.61
\abs@leftindent=\dimen129
LaTeX Info: Redefining \em on input line 142.
LaTeX Info: Redefining \em on input line 384.
LaTeX Info: Redefining \emph on input line 392.
))

******************************************************
Stock height and width: 845.04684pt by 597.50787pt
Top and edge trims: 0.0pt and 0.0pt
Page height and width: 845.04684pt by 597.50787pt
Text height and width: 595.80026pt by 396.0pt
Spine and edge margins: 100.75394pt and 100.75394pt
Upper and lower margins: 128.52342pt and 120.72316pt
Headheight and headsep: 13.6pt and 19.8738pt
Footskip: 27.46295pt
Columnsep and columnseprule: 10.0pt and 0.0pt
Marginparsep and marginparwidth: 7.0pt and 101.0pt
******************************************************

) (/usr/local/texlive/2012/texmf-dist/tex/latex/base/fontenc.sty
Package: fontenc 2005/09/27 v1.99g Standard LaTeX package

(/usr/local/texlive/2012/texmf-dist/tex/latex/base/t1enc.def
File: t1enc.def 2005/09/27 v1.99g Standard LaTeX file
LaTeX Font Info:    Redeclaring font encoding T1 on input line 43.
))
(/usr/local/texlive/2012/texmf-dist/tex/latex/base/textcomp.sty
Package: textcomp 2005/09/27 v1.99g Standard LaTeX package
Package textcomp Info: Sub-encoding information:
(textcomp)               5 = only ISO-Adobe without \textcurrency
(textcomp)               4 = 5 + \texteuro
(textcomp)               3 = 4 + \textohm
(textcomp)               2 = 3 + \textestimated + \textcurrency
(textcomp)               1 = TS1 - \textcircled - \t
(textcomp)               0 = TS1 (full)
(textcomp)             Font families with sub-encoding setting implement
(textcomp)             only a restricted character set as indicated.
(textcomp)             Family '?' is the default used for unknown fonts.
(textcomp)             See the documentation for details.
Package textcomp Info: Setting ? sub-encoding to TS1/1 on input line 71.

(/usr/local/texlive/2012/texmf-dist/tex/latex/base/ts1enc.def
File: ts1enc.def 2001/06/05 v3.0e (jk/car/fm) Standard LaTeX file
)
LaTeX Info: Redefining \oldstylenums on input line 266.
Package textcomp Info: Setting cmr sub-encoding to TS1/0 on input line 281.
Package textcomp Info: Setting cmss sub-encoding to TS1/0 on input line 282.
Package textcomp Info: Setting cmtt sub-encoding to TS1/0 on input line 283.
Package textcomp Info: Setting cmvtt sub-encoding to TS1/0 on input line 284.
Package textcomp Info: Setting cmbr sub-encoding to TS1/0 on input line 285.
Package textcomp Info: Setting cmtl sub-encoding to TS1/0 on input line 286.
Package textcomp Info: Setting ccr sub-encoding to TS1/0 on input line 287.
Package textcomp Info: Setting ptm sub-encoding to TS1/4 on input line 288.
Package textcomp Info: Setting pcr sub-encoding to TS1/4 on input line 289.
Package textcomp Info: Setting phv sub-encoding to TS1/4 on input line 290.
Package textcomp Info: Setting ppl sub-encoding to TS1/3 on input line 291.
Package textcomp Info: Setting pag sub-encoding to TS1/4 on input line 292.
Package textcomp Info: Setting pbk sub-encoding to TS1/4 on input line 293.
Package textcomp Info: Setting pnc sub-encoding to TS1/4 on input line 294.
Package textcomp Info: Setting pzc sub-encoding to TS1/4 on input line 295.
Package textcomp Info: Setting bch sub-encoding to TS1/4 on input line 296.
Package textcomp Info: Setting put sub-encoding to TS1/5 on input line 297.
Package textcomp Info: Setting uag sub-encoding to TS1/5 on input line 298.
Package textcomp Info: Setting ugq sub-encoding to TS1/5 on input line 299.
Package textcomp Info: Setting ul8 sub-encoding to TS1/4 on input line 300.
Package textcomp Info: Setting ul9 sub-encoding to TS1/4 on input line 301.
Package textcomp Info: Setting augie sub-encoding to TS1/5 on input line 302.
Package textcomp Info: Setting dayrom sub-encoding to TS1/3 on input line 303.
Package textcomp Info: Setting dayroms sub-encoding to TS1/3 on input line 304.

Package textcomp Info: Setting pxr sub-encoding to TS1/0 on input line 305.
Package textcomp Info: Setting pxss sub-encoding to TS1/0 on input line 306.
Package textcomp Info: Setting pxtt sub-encoding to TS1/0 on input line 307.
Package textcomp Info: Setting txr sub-encoding to TS1/0 on input line 308.
Package textcomp Info: Setting txss sub-encoding to TS1/0 on input line 309.
Package textcomp Info: Setting txtt sub-encoding to TS1/0 on input line 310.
Package textcomp Info: Setting lmr sub-encoding to TS1/0 on input line 311.
Package textcomp Info: Setting lmdh sub-encoding to TS1/0 on input line 312.
Package textcomp Info: Setting lmss sub-encoding to TS1/0 on input line 313.
Package textcomp Info: Setting lmssq sub-encoding to TS1/0 on input line 314.
Package textcomp Info: Setting lmvtt sub-encoding to TS1/0 on input line 315.
Package textcomp Info: Setting qhv sub-encoding to TS1/0 on input line 316.
Package textcomp Info: Setting qag sub-encoding to TS1/0 on input line 317.
Package textcomp Info: Setting qbk sub-encoding to TS1/0 on input line 318.
Package textcomp Info: Setting qcr sub-encoding to TS1/0 on input line 319.
Package textcomp Info: Setting qcs sub-encoding to TS1/0 on input line 320.
Package textcomp Info: Setting qpl sub-encoding to TS1/0 on input line 321.
Package textcomp Info: Setting qtm sub-encoding to TS1/0 on input line 322.
Package textcomp Info: Setting qzc sub-encoding to TS1/0 on input line 323.
Package textcomp Info: Setting qhvc sub-encoding to TS1/0 on input line 324.
Package textcomp Info: Setting futs sub-encoding to TS1/4 on input line 325.
Package textcomp Info: Setting futx sub-encoding to TS1/4 on input line 326.
Package textcomp Info: Setting futj sub-encoding to TS1/4 on input line 327.
Package textcomp Info: Setting hlh sub-encoding to TS1/3 on input line 328.
Package textcomp Info: Setting hls sub-encoding to TS1/3 on input line 329.
Package textcomp Info: Setting hlst sub-encoding to TS1/3 on input line 330.
Package textcomp Info: Setting hlct sub-encoding to TS1/5 on input line 331.
Package textcomp Info: Setting hlx sub-encoding to TS1/5 on input line 332.
Package textcomp Info: Setting hlce sub-encoding to TS1/5 on input line 333.
Package textcomp Info: Setting hlcn sub-encoding to TS1/5 on input line 334.
Package textcomp Info: Setting hlcw sub-encoding to TS1/5 on input line 335.
Package textcomp Info: Setting hlcf sub-encoding to TS1/5 on input line 336.
Package textcomp Info: Setting pplx sub-encoding to TS1/3 on input line 337.
Package textcomp Info: Setting pplj sub-encoding to TS1/3 on input line 338.
Package textcomp Info: Setting ptmx sub-encoding to TS1/4 on input line 339.
Package textcomp Info: Setting ptmj sub-encoding to TS1/4 on input line 340.
)
(/usr/local/texlive/2012/texmf-dist/tex/latex/lm/lmodern.sty
Package: lmodern 2009/10/30 v1.6 Latin Modern Fonts
LaTeX Font Info:    Overwriting symbol font `operators' in version `normal'
(Font)                  OT1/cmr/m/n --> OT1/lmr/m/n on input line 22.
LaTeX Font Info:    Overwriting symbol font `letters' in version `normal'
(Font)                  OML/cmm/m/it --> OML/lmm/m/it on input line 23.
LaTeX Font Info:    Overwriting symbol font `symbols' in version `normal'
(Font)                  OMS/cmsy/m/n --> OMS/lmsy/m/n on input line 24.
LaTeX Font Info:    Overwriting symbol font `largesymbols' in version `normal'
(Font)                  OMX/cmex/m/n --> OMX/lmex/m/n on input line 25.
LaTeX Font Info:    Overwriting symbol font `operators' in version `bold'
(Font)                  OT1/cmr/bx/n --> OT1/lmr/bx/n on input line 26.
LaTeX Font Info:    Overwriting symbol font `letters' in version `bold'
(Font)                  OML/cmm/b/it --> OML/lmm/b/it on input line 27.
LaTeX Font Info:    Overwriting symbol font `symbols' in version `bold'
(Font)                  OMS/cmsy/b/n --> OMS/lmsy/b/n on input line 28.
LaTeX Font Info:    Overwriting symbol font `largesymbols' in version `bold'
(Font)                  OMX/cmex/m/n --> OMX/lmex/m/n on input line 29.
LaTeX Font Info:    Overwriting math alphabet `\mathbf' in version `normal'
(Font)                  OT1/cmr/bx/n --> OT1/lmr/bx/n on input line 31.
LaTeX Font Info:    Overwriting math alphabet `\mathsf' in version `normal'
(Font)                  OT1/cmss/m/n --> OT1/lmss/m/n on input line 32.
LaTeX Font Info:    Overwriting math alphabet `\mathit' in version `normal'
(Font)                  OT1/cmr/m/it --> OT1/lmr/m/it on input line 33.
LaTeX Font Info:    Overwriting math alphabet `\mathtt' in version `normal'
(Font)                  OT1/cmtt/m/n --> OT1/lmtt/m/n on input line 34.
LaTeX Font Info:    Overwriting math alphabet `\mathbf' in version `bold'
(Font)                  OT1/cmr/bx/n --> OT1/lmr/bx/n on input line 35.
LaTeX Font Info:    Overwriting math alphabet `\mathsf' in version `bold'
(Font)                  OT1/cmss/bx/n --> OT1/lmss/bx/n on input line 36.
LaTeX Font Info:    Overwriting math alphabet `\mathit' in version `bold'
(Font)                  OT1/cmr/bx/it --> OT1/lmr/bx/it on input line 37.
LaTeX Font Info:    Overwriting math alphabet `\mathtt' in version `bold'
(Font)                  OT1/cmtt/m/n --> OT1/lmtt/m/n on input line 38.
)
(/usr/local/texlive/2012/texmf-dist/tex/latex/base/inputenc.sty
Package: inputenc 2008/03/30 v1.1d Input encoding file
\inpenc@prehook=\toks22
\inpenc@posthook=\toks23

(/usr/local/texlive/2012/texmf-dist/tex/latex/base/utf8.def
File: utf8.def 2008/04/05 v1.1m UTF-8 support for inputenc
Now handling font encoding OML ...
... no UTF-8 mapping file for font encoding OML
Now handling font encoding T1 ...
... processing UTF-8 mapping file for font encoding T1

(/usr/local/texlive/2012/texmf-dist/tex/latex/base/t1enc.dfu
File: t1enc.dfu 2008/04/05 v1.1m UTF-8 support for inputenc
   defining Unicode char U+00A1 (decimal 161)
   defining Unicode char U+00A3 (decimal 163)
   defining Unicode char U+00AB (decimal 171)
   defining Unicode char U+00BB (decimal 187)
   defining Unicode char U+00BF (decimal 191)
   defining Unicode char U+00C0 (decimal 192)
   defining Unicode char U+00C1 (decimal 193)
   defining Unicode char U+00C2 (decimal 194)
   defining Unicode char U+00C3 (decimal 195)
   defining Unicode char U+00C4 (decimal 196)
   defining Unicode char U+00C5 (decimal 197)
   defining Unicode char U+00C6 (decimal 198)
   defining Unicode char U+00C7 (decimal 199)
   defining Unicode char U+00C8 (decimal 200)
   defining Unicode char U+00C9 (decimal 201)
   defining Unicode char U+00CA (decimal 202)
   defining Unicode char U+00CB (decimal 203)
   defining Unicode char U+00CC (decimal 204)
   defining Unicode char U+00CD (decimal 205)
   defining Unicode char U+00CE (decimal 206)
   defining Unicode char U+00CF (decimal 207)
   defining Unicode char U+00D0 (decimal 208)
   defining Unicode char U+00D1 (decimal 209)
   defining Unicode char U+00D2 (decimal 210)
   defining Unicode char U+00D3 (decimal 211)
   defining Unicode char U+00D4 (decimal 212)
   defining Unicode char U+00D5 (decimal 213)
   defining Unicode char U+00D6 (decimal 214)
   defining Unicode char U+00D8 (decimal 216)
   defining Unicode char U+00D9 (decimal 217)
   defining Unicode char U+00DA (decimal 218)
   defining Unicode char U+00DB (decimal 219)
   defining Unicode char U+00DC (decimal 220)
   defining Unicode char U+00DD (decimal 221)
   defining Unicode char U+00DE (decimal 222)
   defining Unicode char U+00DF (decimal 223)
   defining Unicode char U+00E0 (decimal 224)
   defining Unicode char U+00E1 (decimal 225)
   defining Unicode char U+00E2 (decimal 226)
   defining Unicode char U+00E3 (decimal 227)
   defining Unicode char U+00E4 (decimal 228)
   defining Unicode char U+00E5 (decimal 229)
   defining Unicode char U+00E6 (decimal 230)
   defining Unicode char U+00E7 (decimal 231)
   defining Unicode char U+00E8 (decimal 232)
   defining Unicode char U+00E9 (decimal 233)
   defining Unicode char U+00EA (decimal 234)
   defining Unicode char U+00EB (decimal 235)
   defining Unicode char U+00EC (decimal 236)
   defining Unicode char U+00ED (decimal 237)
   defining Unicode char U+00EE (decimal 238)
   defining Unicode char U+00EF (decimal 239)
   defining Unicode char U+00F0 (decimal 240)
   defining Unicode char U+00F1 (decimal 241)
   defining Unicode char U+00F2 (decimal 242)
   defining Unicode char U+00F3 (decimal 243)
   defining Unicode char U+00F4 (decimal 244)
   defining Unicode char U+00F5 (decimal 245)
   defining Unicode char U+00F6 (decimal 246)
   defining Unicode char U+00F8 (decimal 248)
   defining Unicode char U+00F9 (decimal 249)
   defining Unicode char U+00FA (decimal 250)
   defining Unicode char U+00FB (decimal 251)
   defining Unicode char U+00FC (decimal 252)
   defining Unicode char U+00FD (decimal 253)
   defining Unicode char U+00FE (decimal 254)
   defining Unicode char U+00FF (decimal 255)
   defining Unicode char U+0102 (decimal 258)
   defining Unicode char U+0103 (decimal 259)
   defining Unicode char U+0104 (decimal 260)
   defining Unicode char U+0105 (decimal 261)
   defining Unicode char U+0106 (decimal 262)
   defining Unicode char U+0107 (decimal 263)
   defining Unicode char U+010C (decimal 268)
   defining Unicode char U+010D (decimal 269)
   defining Unicode char U+010E (decimal 270)
   defining Unicode char U+010F (decimal 271)
   defining Unicode char U+0110 (decimal 272)
   defining Unicode char U+0111 (decimal 273)
   defining Unicode char U+0118 (decimal 280)
   defining Unicode char U+0119 (decimal 281)
   defining Unicode char U+011A (decimal 282)
   defining Unicode char U+011B (decimal 283)
   defining Unicode char U+011E (decimal 286)
   defining Unicode char U+011F (decimal 287)
   defining Unicode char U+0130 (decimal 304)
   defining Unicode char U+0131 (decimal 305)
   defining Unicode char U+0132 (decimal 306)
   defining Unicode char U+0133 (decimal 307)
   defining Unicode char U+0139 (decimal 313)
   defining Unicode char U+013A (decimal 314)
   defining Unicode char U+013D (decimal 317)
   defining Unicode char U+013E (decimal 318)
   defining Unicode char U+0141 (decimal 321)
   defining Unicode char U+0142 (decimal 322)
   defining Unicode char U+0143 (decimal 323)
   defining Unicode char U+0144 (decimal 324)
   defining Unicode char U+0147 (decimal 327)
   defining Unicode char U+0148 (decimal 328)
   defining Unicode char U+014A (decimal 330)
   defining Unicode char U+014B (decimal 331)
   defining Unicode char U+0150 (decimal 336)
   defining Unicode char U+0151 (decimal 337)
   defining Unicode char U+0152 (decimal 338)
   defining Unicode char U+0153 (decimal 339)
   defining Unicode char U+0154 (decimal 340)
   defining Unicode char U+0155 (decimal 341)
   defining Unicode char U+0158 (decimal 344)
   defining Unicode char U+0159 (decimal 345)
   defining Unicode char U+015A (decimal 346)
   defining Unicode char U+015B (decimal 347)
   defining Unicode char U+015E (decimal 350)
   defining Unicode char U+015F (decimal 351)
   defining Unicode char U+0160 (decimal 352)
   defining Unicode char U+0161 (decimal 353)
   defining Unicode char U+0162 (decimal 354)
   defining Unicode char U+0163 (decimal 355)
   defining Unicode char U+0164 (decimal 356)
   defining Unicode char U+0165 (decimal 357)
   defining Unicode char U+016E (decimal 366)
   defining Unicode char U+016F (decimal 367)
   defining Unicode char U+0170 (decimal 368)
   defining Unicode char U+0171 (decimal 369)
   defining Unicode char U+0178 (decimal 376)
   defining Unicode char U+0179 (decimal 377)
   defining Unicode char U+017A (decimal 378)
   defining Unicode char U+017B (decimal 379)
   defining Unicode char U+017C (decimal 380)
   defining Unicode char U+017D (decimal 381)
   defining Unicode char U+017E (decimal 382)
   defining Unicode char U+200C (decimal 8204)
   defining Unicode char U+2013 (decimal 8211)
   defining Unicode char U+2014 (decimal 8212)
   defining Unicode char U+2018 (decimal 8216)
   defining Unicode char U+2019 (decimal 8217)
   defining Unicode char U+201A (decimal 8218)
   defining Unicode char U+201C (decimal 8220)
   defining Unicode char U+201D (decimal 8221)
   defining Unicode char U+201E (decimal 8222)
   defining Unicode char U+2030 (decimal 8240)
   defining Unicode char U+2031 (decimal 8241)
   defining Unicode char U+2039 (decimal 8249)
   defining Unicode char U+203A (decimal 8250)
   defining Unicode char U+2423 (decimal 9251)
)
Now handling font encoding OT1 ...
... processing UTF-8 mapping file for font encoding OT1

(/usr/local/texlive/2012/texmf-dist/tex/latex/base/ot1enc.dfu
File: ot1enc.dfu 2008/04/05 v1.1m UTF-8 support for inputenc
   defining Unicode char U+00A1 (decimal 161)
   defining Unicode char U+00A3 (decimal 163)
   defining Unicode char U+00B8 (decimal 184)
   defining Unicode char U+00BF (decimal 191)
   defining Unicode char U+00C5 (decimal 197)
   defining Unicode char U+00C6 (decimal 198)
   defining Unicode char U+00D8 (decimal 216)
   defining Unicode char U+00DF (decimal 223)
   defining Unicode char U+00E6 (decimal 230)
   defining Unicode char U+00EC (decimal 236)
   defining Unicode char U+00ED (decimal 237)
   defining Unicode char U+00EE (decimal 238)
   defining Unicode char U+00EF (decimal 239)
   defining Unicode char U+00F8 (decimal 248)
   defining Unicode char U+0131 (decimal 305)
   defining Unicode char U+0141 (decimal 321)
   defining Unicode char U+0142 (decimal 322)
   defining Unicode char U+0152 (decimal 338)
   defining Unicode char U+0153 (decimal 339)
   defining Unicode char U+2013 (decimal 8211)
   defining Unicode char U+2014 (decimal 8212)
   defining Unicode char U+2018 (decimal 8216)
   defining Unicode char U+2019 (decimal 8217)
   defining Unicode char U+201C (decimal 8220)
   defining Unicode char U+201D (decimal 8221)
)
Now handling font encoding OMS ...
... processing UTF-8 mapping file for font encoding OMS

(/usr/local/texlive/2012/texmf-dist/tex/latex/base/omsenc.dfu
File: omsenc.dfu 2008/04/05 v1.1m UTF-8 support for inputenc
   defining Unicode char U+00A7 (decimal 167)
   defining Unicode char U+00B6 (decimal 182)
   defining Unicode char U+00B7 (decimal 183)
   defining Unicode char U+2020 (decimal 8224)
   defining Unicode char U+2021 (decimal 8225)
   defining Unicode char U+2022 (decimal 8226)
)
Now handling font encoding OMX ...
... no UTF-8 mapping file for font encoding OMX
Now handling font encoding U ...
... no UTF-8 mapping file for font encoding U
Now handling font encoding TS1 ...
... processing UTF-8 mapping file for font encoding TS1

(/usr/local/texlive/2012/texmf-dist/tex/latex/base/ts1enc.dfu
File: ts1enc.dfu 2008/04/05 v1.1m UTF-8 support for inputenc
   defining Unicode char U+00A2 (decimal 162)
   defining Unicode char U+00A3 (decimal 163)
   defining Unicode char U+00A4 (decimal 164)
   defining Unicode char U+00A5 (decimal 165)
   defining Unicode char U+00A6 (decimal 166)
   defining Unicode char U+00A7 (decimal 167)
   defining Unicode char U+00A8 (decimal 168)
   defining Unicode char U+00A9 (decimal 169)
   defining Unicode char U+00AA (decimal 170)
   defining Unicode char U+00AC (decimal 172)
   defining Unicode char U+00AE (decimal 174)
   defining Unicode char U+00AF (decimal 175)
   defining Unicode char U+00B0 (decimal 176)
   defining Unicode char U+00B1 (decimal 177)
   defining Unicode char U+00B2 (decimal 178)
   defining Unicode char U+00B3 (decimal 179)
   defining Unicode char U+00B4 (decimal 180)
   defining Unicode char U+00B5 (decimal 181)
   defining Unicode char U+00B6 (decimal 182)
   defining Unicode char U+00B7 (decimal 183)
   defining Unicode char U+00B9 (decimal 185)
   defining Unicode char U+00BA (decimal 186)
   defining Unicode char U+00BC (decimal 188)
   defining Unicode char U+00BD (decimal 189)
   defining Unicode char U+00BE (decimal 190)
   defining Unicode char U+00D7 (decimal 215)
   defining Unicode char U+00F7 (decimal 247)
   defining Unicode char U+0192 (decimal 402)
   defining Unicode char U+02C7 (decimal 711)
   defining Unicode char U+02D8 (decimal 728)
   defining Unicode char U+02DD (decimal 733)
   defining Unicode char U+0E3F (decimal 3647)
   defining Unicode char U+2016 (decimal 8214)
   defining Unicode char U+2020 (decimal 8224)
   defining Unicode char U+2021 (decimal 8225)
   defining Unicode char U+2022 (decimal 8226)
   defining Unicode char U+2030 (decimal 8240)
   defining Unicode char U+2031 (decimal 8241)
   defining Unicode char U+203B (decimal 8251)
   defining Unicode char U+203D (decimal 8253)
   defining Unicode char U+2044 (decimal 8260)
   defining Unicode char U+204E (decimal 8270)
   defining Unicode char U+2052 (decimal 8274)
   defining Unicode char U+20A1 (decimal 8353)
   defining Unicode char U+20A4 (decimal 8356)
   defining Unicode char U+20A6 (decimal 8358)
   defining Unicode char U+20A9 (decimal 8361)
   defining Unicode char U+20AB (decimal 8363)
   defining Unicode char U+20AC (decimal 8364)
   defining Unicode char U+20B1 (decimal 8369)
   defining Unicode char U+2103 (decimal 8451)
   defining Unicode char U+2116 (decimal 8470)
   defining Unicode char U+2117 (decimal 8471)
   defining Unicode char U+211E (decimal 8478)
   defining Unicode char U+2120 (decimal 8480)
   defining Unicode char U+2122 (decimal 8482)
   defining Unicode char U+2126 (decimal 8486)
   defining Unicode char U+2127 (decimal 8487)
   defining Unicode char U+212E (decimal 8494)
   defining Unicode char U+2190 (decimal 8592)
   defining Unicode char U+2191 (decimal 8593)
   defining Unicode char U+2192 (decimal 8594)
   defining Unicode char U+2193 (decimal 8595)
   defining Unicode char U+2329 (decimal 9001)
   defining Unicode char U+232A (decimal 9002)
   defining Unicode char U+2422 (decimal 9250)
   defining Unicode char U+25E6 (decimal 9702)
   defining Unicode char U+25EF (decimal 9711)
   defining Unicode char U+266A (decimal 9834)
)
   defining Unicode char U+00A9 (decimal 169)
   defining Unicode char U+00AA (decimal 170)
   defining Unicode char U+00AE (decimal 174)
   defining Unicode char U+00BA (decimal 186)
   defining Unicode char U+02C6 (decimal 710)
   defining Unicode char U+02DC (decimal 732)
   defining Unicode char U+200C (decimal 8204)
   defining Unicode char U+2026 (decimal 8230)
   defining Unicode char U+2122 (decimal 8482)
   defining Unicode char U+2423 (decimal 9251)
))
(/usr/local/texlive/2012/texmf-dist/tex/generic/babel/babel.sty
Package: babel 2008/07/08 v3.8m The Babel package

(/usr/local/texlive/2012/texmf-dist/tex/generic/babel/english.ldf
Language: english 2005/03/30 v3.3o English support from the babel system

(/usr/local/texlive/2012/texmf-dist/tex/generic/babel/babel.def
File: babel.def 2008/07/08 v3.8m Babel common definitions
\babel@savecnt=\count127
\U@D=\dimen130
)
\l@canadian = a dialect from \language\l@american 
\l@australian = a dialect from \language\l@british 
\l@newzealand = a dialect from \language\l@british 
)
(/usr/local/texlive/2012/texmf-dist/tex/generic/babel/swedish.ldf
Language: swedish 2005/03/31 v2.3d Swedish support from the babel system
Package babel Info: Making " an active character on input line 90.
))
(./modifications.sty
Package: modifications 2005/10/21
)
(/usr/local/texlive/2012/texmf-dist/tex/latex/graphics/graphicx.sty
Package: graphicx 1999/02/16 v1.0f Enhanced LaTeX Graphics (DPC,SPQR)

(/usr/local/texlive/2012/texmf-dist/tex/latex/graphics/keyval.sty
Package: keyval 1999/03/16 v1.13 key=value parser (DPC)
\KV@toks@=\toks24
)
(/usr/local/texlive/2012/texmf-dist/tex/latex/graphics/graphics.sty
Package: graphics 2009/02/05 v1.0o Standard LaTeX Graphics (DPC,SPQR)

(/usr/local/texlive/2012/texmf-dist/tex/latex/graphics/trig.sty
Package: trig 1999/03/16 v1.09 sin cos tan (DPC)
)
(/usr/local/texlive/2012/texmf-dist/tex/latex/latexconfig/graphics.cfg
File: graphics.cfg 2010/04/23 v1.9 graphics configuration of TeX Live
)
Package graphics Info: Driver file: pdftex.def on input line 91.

(/usr/local/texlive/2012/texmf-dist/tex/latex/pdftex-def/pdftex.def
File: pdftex.def 2011/05/27 v0.06d Graphics/color for pdfTeX

(/usr/local/texlive/2012/texmf-dist/tex/generic/oberdiek/infwarerr.sty
Package: infwarerr 2010/04/08 v1.3 Providing info/warning/error messages (HO)
)
(/usr/local/texlive/2012/texmf-dist/tex/generic/oberdiek/ltxcmds.sty
Package: ltxcmds 2011/11/09 v1.22 LaTeX kernel commands for general use (HO)
)
\Gread@gobject=\count128
))
\Gin@req@height=\dimen131
\Gin@req@width=\dimen132
)
(/usr/local/texlive/2012/texmf-dist/tex/latex/subfigure/subfigure.sty
Package: subfigure 2002/03/15 v2.1.5 subfigure package
\subfigtopskip=\skip162
\subfigcapskip=\skip163
\subfigcaptopadj=\dimen133
\subfigbottomskip=\skip164
\subfigcapmargin=\dimen134
\subfiglabelskip=\skip165
\c@subfigure=\count129
\c@lofdepth=\count130
\c@subtable=\count131
\c@lotdepth=\count132

****************************************
* Local config file subfigure.cfg used *
****************************************
(/usr/local/texlive/2012/texmf-dist/tex/latex/subfigure/subfigure.cfg)
\subfig@top=\skip166
\subfig@bottom=\skip167
)
(/usr/local/texlive/2012/texmf-dist/tex/latex/cite/cite.sty
LaTeX Info: Redefining \cite on input line 302.
LaTeX Info: Redefining \nocite on input line 373.
Package: cite 2010/09/10  v 5.3
)
(/usr/local/texlive/2012/texmf-dist/tex/latex/hyperref/hyperref.sty
Package: hyperref 2012/05/13 v6.82q Hypertext links for LaTeX

(/usr/local/texlive/2012/texmf-dist/tex/generic/oberdiek/hobsub-hyperref.sty
Package: hobsub-hyperref 2012/05/28 v1.13 Bundle oberdiek, subset hyperref (HO)


(/usr/local/texlive/2012/texmf-dist/tex/generic/oberdiek/hobsub-generic.sty
Package: hobsub-generic 2012/05/28 v1.13 Bundle oberdiek, subset generic (HO)
Package: hobsub 2012/05/28 v1.13 Construct package bundles (HO)
Package hobsub Info: Skipping package `infwarerr' (already loaded).
Package hobsub Info: Skipping package `ltxcmds' (already loaded).
Package: ifluatex 2010/03/01 v1.3 Provides the ifluatex switch (HO)
Package ifluatex Info: LuaTeX not detected.
Package: ifvtex 2010/03/01 v1.5 Detect VTeX and its facilities (HO)
Package ifvtex Info: VTeX not detected.
Package: intcalc 2007/09/27 v1.1 Expandable calculations with integers (HO)
Package hobsub Info: Skipping package `ifpdf' (already loaded).
Package: etexcmds 2011/02/16 v1.5 Avoid name clashes with e-TeX commands (HO)
Package etexcmds Info: Could not find \expanded.
(etexcmds)             That can mean that you are not using pdfTeX 1.50 or
(etexcmds)             that some package has redefined \expanded.
(etexcmds)             In the latter case, load this package earlier.
Package: kvsetkeys 2012/04/25 v1.16 Key value parser (HO)
Package: kvdefinekeys 2011/04/07 v1.3 Define keys (HO)
Package: pdftexcmds 2011/11/29 v0.20 Utility functions of pdfTeX for LuaTeX (HO
)
Package pdftexcmds Info: LuaTeX not detected.
Package pdftexcmds Info: \pdf@primitive is available.
Package pdftexcmds Info: \pdf@ifprimitive is available.
Package pdftexcmds Info: \pdfdraftmode found.
Package: pdfescape 2011/11/25 v1.13 Implements pdfTeX's escape features (HO)
Package: bigintcalc 2012/04/08 v1.3 Expandable calculations on big integers (HO
)
Package: bitset 2011/01/30 v1.1 Handle bit-vector datatype (HO)
Package: uniquecounter 2011/01/30 v1.2 Provide unlimited unique counter (HO)
)
Package hobsub Info: Skipping package `hobsub' (already loaded).
Package: letltxmacro 2010/09/02 v1.4 Let assignment for LaTeX macros (HO)
Package: hopatch 2012/05/28 v1.2 Wrapper for package hooks (HO)
Package: xcolor-patch 2011/01/30 xcolor patch
Package: atveryend 2011/06/30 v1.8 Hooks at the very end of document (HO)
Package atveryend Info: \enddocument detected (standard20110627).
Package: atbegshi 2011/10/05 v1.16 At begin shipout hook (HO)
Package: refcount 2011/10/16 v3.4 Data extraction from label references (HO)
Package: hycolor 2011/01/30 v1.7 Color options for hyperref/bookmark (HO)
)
(/usr/local/texlive/2012/texmf-dist/tex/generic/ifxetex/ifxetex.sty
Package: ifxetex 2010/09/12 v0.6 Provides ifxetex conditional
)
(/usr/local/texlive/2012/texmf-dist/tex/latex/oberdiek/kvoptions.sty
Package: kvoptions 2011/06/30 v3.11 Key value format for package options (HO)
)
\@linkdim=\dimen135
\Hy@linkcounter=\count133
\Hy@pagecounter=\count134

(/usr/local/texlive/2012/texmf-dist/tex/latex/hyperref/pd1enc.def
File: pd1enc.def 2012/05/13 v6.82q Hyperref: PDFDocEncoding definition (HO)
Now handling font encoding PD1 ...
... no UTF-8 mapping file for font encoding PD1
)
\Hy@SavedSpaceFactor=\count135

(/usr/local/texlive/2012/texmf-dist/tex/latex/latexconfig/hyperref.cfg
File: hyperref.cfg 2002/06/06 v1.2 hyperref configuration of TeXLive
)
Package hyperref Info: Hyper figures OFF on input line 4062.
Package hyperref Info: Link nesting OFF on input line 4067.
Package hyperref Info: Hyper index ON on input line 4070.
Package hyperref Info: Plain pages OFF on input line 4077.
Package hyperref Info: Backreferencing OFF on input line 4082.
Package hyperref Info: Implicit mode ON; LaTeX internals redefined.
Package hyperref Info: Bookmarks ON on input line 4300.
\c@Hy@tempcnt=\count136

(/usr/local/texlive/2012/texmf-dist/tex/latex/url/url.sty
\Urlmuskip=\muskip10
Package: url 2006/04/12  ver 3.3  Verb mode for urls, etc.
)
LaTeX Info: Redefining \url on input line 4653.
\Fld@menulength=\count137
\Field@Width=\dimen136
\Fld@charsize=\dimen137
Package hyperref Info: Hyper figures OFF on input line 5773.
Package hyperref Info: Link nesting OFF on input line 5778.
Package hyperref Info: Hyper index ON on input line 5781.
Package hyperref Info: backreferencing OFF on input line 5788.
Package hyperref Info: Link coloring OFF on input line 5793.
Package hyperref Info: Link coloring with OCG OFF on input line 5798.
Package hyperref Info: PDF/A mode OFF on input line 5803.
LaTeX Info: Redefining \ref on input line 5843.
LaTeX Info: Redefining \pageref on input line 5847.
\Hy@abspage=\count138
\c@Item=\count139
\c@Hfootnote=\count140
) (./memhfixc.sty
Package: memhfixc 2004/05/13 v1.6 package fixes for memoir class
)

Package hyperref Message: Driver (autodetected): hpdftex.

(/usr/local/texlive/2012/texmf-dist/tex/latex/hyperref/hpdftex.def
File: hpdftex.def 2012/05/13 v6.82q Hyperref driver for pdfTeX
\Fld@listcount=\count141
\c@bookmark@seq@number=\count142

(/usr/local/texlive/2012/texmf-dist/tex/latex/oberdiek/rerunfilecheck.sty
Package: rerunfilecheck 2011/04/15 v1.7 Rerun checks for auxiliary files (HO)
Package uniquecounter Info: New unique counter `rerunfilecheck' on input line 2
82.
)
\Hy@SectionHShift=\skip168
)
(/usr/local/texlive/2012/texmf-dist/tex/latex/listings/listings.sty
\lst@mode=\count143
\lst@gtempboxa=\box26
\lst@token=\toks25
\lst@length=\count144
\lst@currlwidth=\dimen138
\lst@column=\count145
\lst@pos=\count146
\lst@lostspace=\dimen139
\lst@width=\dimen140
\lst@newlines=\count147
\lst@lineno=\count148
\lst@maxwidth=\dimen141

(/usr/local/texlive/2012/texmf-dist/tex/latex/listings/lstmisc.sty
File: lstmisc.sty 2007/02/22 1.4 (Carsten Heinz)
\c@lstnumber=\count149
\lst@skipnumbers=\count150
\lst@framebox=\box27
)
(/usr/local/texlive/2012/texmf-dist/tex/latex/listings/listings.cfg
File: listings.cfg 2007/02/22 1.4 listings configuration
))
Package: listings 2007/02/22 1.4 (Carsten Heinz)

(/usr/local/texlive/2012/texmf-dist/tex/latex/xcolor/xcolor.sty
Package: xcolor 2007/01/21 v2.11 LaTeX color extensions (UK)

(/usr/local/texlive/2012/texmf-dist/tex/latex/latexconfig/color.cfg
File: color.cfg 2007/01/18 v1.5 color configuration of teTeX/TeXLive
)
Package xcolor Info: Driver file: pdftex.def on input line 225.
Package xcolor Info: Model `cmy' substituted by `cmy0' on input line 1337.
Package xcolor Info: Model `hsb' substituted by `rgb' on input line 1341.
Package xcolor Info: Model `RGB' extended on input line 1353.
Package xcolor Info: Model `HTML' substituted by `rgb' on input line 1355.
Package xcolor Info: Model `Hsb' substituted by `hsb' on input line 1356.
Package xcolor Info: Model `tHsb' substituted by `hsb' on input line 1357.
Package xcolor Info: Model `HSB' substituted by `hsb' on input line 1358.
Package xcolor Info: Model `Gray' substituted by `gray' on input line 1359.
Package xcolor Info: Model `wave' substituted by `hsb' on input line 1360.
)
(./chapters/frontpage.tex) (./xjobb-en.aux)
\openout1 = `xjobb-en.aux'.

LaTeX Font Info:    Checking defaults for OML/cmm/m/it on input line 26.
LaTeX Font Info:    ... okay on input line 26.
LaTeX Font Info:    Checking defaults for T1/cmr/m/n on input line 26.
LaTeX Font Info:    ... okay on input line 26.
LaTeX Font Info:    Checking defaults for OT1/cmr/m/n on input line 26.
LaTeX Font Info:    ... okay on input line 26.
LaTeX Font Info:    Checking defaults for OMS/cmsy/m/n on input line 26.
LaTeX Font Info:    ... okay on input line 26.
LaTeX Font Info:    Checking defaults for OMX/cmex/m/n on input line 26.
LaTeX Font Info:    ... okay on input line 26.
LaTeX Font Info:    Checking defaults for U/cmr/m/n on input line 26.
LaTeX Font Info:    ... okay on input line 26.
LaTeX Font Info:    Checking defaults for TS1/cmr/m/n on input line 26.
LaTeX Font Info:    Try loading font information for TS1+cmr on input line 26.

(/usr/local/texlive/2012/texmf-dist/tex/latex/base/ts1cmr.fd
File: ts1cmr.fd 1999/05/25 v2.5h Standard LaTeX font definitions
)
LaTeX Font Info:    ... okay on input line 26.
LaTeX Font Info:    Checking defaults for PD1/pdf/m/n on input line 26.
LaTeX Font Info:    ... okay on input line 26.
LaTeX Font Info:    Try loading font information for T1+lmr on input line 26.

(/usr/local/texlive/2012/texmf-dist/tex/latex/lm/t1lmr.fd
File: t1lmr.fd 2009/10/30 v1.6 Font defs for Latin Modern
)
\cftbeforesubfigureskip=\skip169
\cftsubfigureindent=\skip170
\cftsubfigurenumwidth=\skip171
\cftbeforesubtableskip=\skip172
\cftsubtableindent=\skip173
\cftsubtablenumwidth=\skip174

(/usr/local/texlive/2012/texmf-dist/tex/context/base/supp-pdf.mkii
[Loading MPS to PDF converter (version 2006.09.02).]
\scratchcounter=\count151
\scratchdimen=\dimen142
\scratchbox=\box28
\nofMPsegments=\count152
\nofMParguments=\count153
\everyMPshowfont=\toks26
\MPscratchCnt=\count154
\MPscratchDim=\dimen143
\MPnumerator=\count155
\makeMPintoPDFobject=\count156
\everyMPtoPDFconversion=\toks27
) (/usr/local/texlive/2012/texmf-dist/tex/latex/oberdiek/epstopdf-base.sty
Package: epstopdf-base 2010/02/09 v2.5 Base part for package epstopdf

(/usr/local/texlive/2012/texmf-dist/tex/latex/oberdiek/grfext.sty
Package: grfext 2010/08/19 v1.1 Manage graphics extensions (HO)
)
Package grfext Info: Graphics extension search list:
(grfext)             [.png,.pdf,.jpg,.mps,.jpeg,.jbig2,.jb2,.PNG,.PDF,.JPG,.JPE
G,.JBIG2,.JB2,.eps]
(grfext)             \AppendGraphicsExtensions on input line 452.

(/usr/local/texlive/2012/texmf-dist/tex/latex/latexconfig/epstopdf-sys.cfg
File: epstopdf-sys.cfg 2010/07/13 v1.3 Configuration of (r)epstopdf for TeX Liv
e
))
\AtBeginShipoutBox=\box29
Package hyperref Info: Link coloring OFF on input line 26.

(/usr/local/texlive/2012/texmf-dist/tex/latex/hyperref/nameref.sty
Package: nameref 2010/04/30 v2.40 Cross-referencing by name of section

(/usr/local/texlive/2012/texmf-dist/tex/generic/oberdiek/gettitlestring.sty
Package: gettitlestring 2010/12/03 v1.4 Cleanup title references (HO)
)
\c@section@level=\count157
)
LaTeX Info: Redefining \ref on input line 26.
LaTeX Info: Redefining \pageref on input line 26.
LaTeX Info: Redefining \nameref on input line 26.

(./xjobb-en.out) (./xjobb-en.out)
\@outlinefile=\write4
\openout4 = `xjobb-en.out'.

\c@lstlisting=\count158
LaTeX Font Info:    Try loading font information for T1+lmss on input line 31.

(/usr/local/texlive/2012/texmf-dist/tex/latex/lm/t1lmss.fd
File: t1lmss.fd 2009/10/30 v1.6 Font defs for Latin Modern
)
<kth_svv_comp_science_comm.pdf, id=184, 410.53375pt x 468.75125pt>
File: kth_svv_comp_science_comm.pdf Graphic file (type pdf)

<use kth_svv_comp_science_comm.pdf>
Package pdftex.def Info: kth_svv_comp_science_comm.pdf used on input line 31.
(pdftex.def)             Requested size: 410.53275pt x 468.75009pt.
 [1


{/usr/local/texlive/2012/texmf-var/fonts/map/pdftex/updmap/pdftex.map} <./kth_s
vv_comp_science_comm.pdf>] [2

]
(./chapters/abstract.tex
LaTeX Font Info:    Try loading font information for OT1+lmr on input line 1.

(/usr/local/texlive/2012/texmf-dist/tex/latex/lm/ot1lmr.fd
File: ot1lmr.fd 2009/10/30 v1.6 Font defs for Latin Modern
)
LaTeX Font Info:    Try loading font information for OML+lmm on input line 1.

(/usr/local/texlive/2012/texmf-dist/tex/latex/lm/omllmm.fd
File: omllmm.fd 2009/10/30 v1.6 Font defs for Latin Modern
)
LaTeX Font Info:    Try loading font information for OMS+lmsy on input line 1.

(/usr/local/texlive/2012/texmf-dist/tex/latex/lm/omslmsy.fd
File: omslmsy.fd 2009/10/30 v1.6 Font defs for Latin Modern
)
LaTeX Font Info:    Try loading font information for OMX+lmex on input line 1.

(/usr/local/texlive/2012/texmf-dist/tex/latex/lm/omxlmex.fd
File: omxlmex.fd 2009/10/30 v1.6 Font defs for Latin Modern
)
LaTeX Font Info:    External font `lmex10' loaded for size
(Font)              <10.95> on input line 1.
LaTeX Font Info:    External font `lmex10' loaded for size
(Font)              <8> on input line 1.
LaTeX Font Info:    External font `lmex10' loaded for size
(Font)              <6> on input line 1.
) [3]
(./chapters/foreign_abstract.tex
LaTeX Font Info:    External font `lmex10' loaded for size
(Font)              <10> on input line 1.
LaTeX Font Info:    External font `lmex10' loaded for size
(Font)              <7> on input line 1.
LaTeX Font Info:    External font `lmex10' loaded for size
(Font)              <5> on input line 1.
) (./chapters/foreword.texpdfTeX warning (ext4): destination with the same iden
tifier (name{page.}) has been already used, duplicate ignored
<to be read again> 
                   \relax 
l.1 \chapter
            *{Foreword} [4

]) (./chapters/glossary.texpdfTeX warning (ext4): destination with the same ide
ntifier (name{page.}) has been already used, duplicate ignored
<to be read again> 
                   \relax 
l.1 \chapter
            *{Glossary} [5

]pdfTeX warning (ext4): destination with the same identifier (name{page.}) has 
been already used, duplicate ignored
<to be read again> 
                   \relax 
l.1 \chapter
            *{Glossary} [6

]
Overfull \hbox (26.73856pt too wide) in paragraph at lines 4--21
 [] 
 []

)pdfTeX warning (ext4): destination with the same identifier (name{page.}) has 
been already used, duplicate ignored
<to be read again> 
                   \relax 
l.44 \clearpage
                [7] (./xjobb-en.tocpdfTeX warning (ext4): destination with the 
same identifier (name{page.}) has been already used, duplicate ignored
<to be read again> 
                   \relax 
l.37 ...g Systems Specifications}{21}{section.5.1}
                                                   [8

])pdfTeX warning (ext4): destination with the same identifier (name{page.}) has
 been already used, duplicate ignored
<to be read again> 
                   \relax 
l.49 \pagestyle
               {newchap} [9]pdfTeX warning (ext4): destination with the same id
entifier (name{page.}) has been already used, duplicate ignored
<to be read again> 
                   \relax 
l.49 \pagestyle
               {newchap} [10

] (./chapters/introduction.tex
(./chapters/introduction/problem_statement.tex)
(./chapters/introduction/goal.tex) [1

]
(./chapters/introduction/about_valtech.tex)) (./chapters/background.tex
[2] (./chapters/background/whatis.tex) (./chapters/background/history.tex
Underfull \vbox (badness 10000) has occurred while \output is active []

 [3

])
(./chapters/background/todays_systems.tex)) [4] (./chapters/implementation.tex
[5] [6

] (./chapters/implementation/system_description.tex
<chapters/media/overview.png, id=324, 875.27pt x 411.5375pt>
File: chapters/media/overview.png Graphic file (type png)

<use chapters/media/overview.png>
Package pdftex.def Info: chapters/media/overview.png used on input line 6.
(pdftex.def)             Requested size: 356.39758pt x 167.56975pt.
 [7 <./chapters/media/overview.png>]
<chapters/media/celine_startpage.png, id=334, 1114.1625pt x 663.47874pt>
File: chapters/media/celine_startpage.png Graphic file (type png)

<use chapters/media/celine_startpage.png>
Package pdftex.def Info: chapters/media/celine_startpage.png used on input line
 19.
(pdftex.def)             Requested size: 297.0pt x 176.85365pt.

<chapters/media/celine_listproblems.png, id=336, 800.23969pt x 594.72188pt>
File: chapters/media/celine_listproblems.png Graphic file (type png)

<use chapters/media/celine_listproblems.png>
Package pdftex.def Info: chapters/media/celine_listproblems.png used on input l
ine 37.
(pdftex.def)             Requested size: 190.07831pt x 141.25699pt.

<chapters/media/celine_easysort.png, id=338, 1022.82124pt x 792.9625pt>
File: chapters/media/celine_easysort.png Graphic file (type png)

<use chapters/media/celine_easysort.png>
Package pdftex.def Info: chapters/media/celine_easysort.png used on input line 
37.
(pdftex.def)             Requested size: 190.07831pt x 147.36124pt.

Overfull \hbox (9.70657pt too wide) in paragraph at lines 37--38
 [][] 
 []


LaTeX Warning: `h' float specifier changed to `ht'.

<chapters/media/celine_submit.png, id=342, 1038.88126pt x 917.4275pt>
File: chapters/media/celine_submit.png Graphic file (type png)

<use chapters/media/celine_submit.png>
Package pdftex.def Info: chapters/media/celine_submit.png used on input line 55
.
(pdftex.def)             Requested size: 190.07831pt x 167.8456pt.

<chapters/media/celine_submissions.png, id=343, 785.18344pt x 701.62125pt>
File: chapters/media/celine_submissions.png Graphic file (type png)

<use chapters/media/celine_submissions.png>
Package pdftex.def Info: chapters/media/celine_submissions.png used on input li
ne 55.
(pdftex.def)             Requested size: 190.07831pt x 169.84853pt.

Overfull \hbox (9.70657pt too wide) in paragraph at lines 55--56
 [][] 
 []


LaTeX Warning: `h' float specifier changed to `ht'.

<chapters/media/flowchart.png, id=347, 583.17876pt x 439.6425pt>
File: chapters/media/flowchart.png Graphic file (type png)

<use chapters/media/flowchart.png>
Package pdftex.def Info: chapters/media/flowchart.png used on input line 68.
(pdftex.def)             Requested size: 316.80121pt x 238.83229pt.
 [8 <./chapters/media/celine_startpage.png>]

LaTeX Warning: `h' float specifier changed to `ht'.

[9 <./chapters/media/celine_listproblems.png> <./chapters/media/celine_easysort
.png> <./chapters/media/celine_submit.png> <./chapters/media/celine_submissions
.png>]
LaTeX Font Info:    Try loading font information for TS1+lmr on input line 80.
 (/usr/local/texlive/2012/texmf-dist/tex/latex/lm/ts1lmr.fd
File: ts1lmr.fd 2009/10/30 v1.6 Font defs for Latin Modern
) [10 <./chapters/media/flowchart.png>]) (./chapters/implementation/supported_l
anguages.tex)
(./chapters/implementation/difficulties_limitations.tex [11]
Underfull \vbox (badness 4036) has occurred while \output is active []

 [12]))
(./chapters/testing_methodology.tex [13] [14

]
(./chapters/testing_methodology/aspects.tex)
(./chapters/testing_methodology/chosen_tests.tex [15]
(/usr/local/texlive/2012/texmf-dist/tex/latex/listings/lstlang1.sty
File: lstlang1.sty 2004/09/05 1.3 listings language file
)
(/usr/local/texlive/2012/texmf-dist/tex/latex/listings/lstlang1.sty
File: lstlang1.sty 2004/09/05 1.3 listings language file
) [16]
<chapters/media/mergesort4.png, id=452, 898.35625pt x 1187.43625pt>
File: chapters/media/mergesort4.png Graphic file (type png)

<use chapters/media/mergesort4.png>
Package pdftex.def Info: chapters/media/mergesort4.png used on input line 74.
(pdftex.def)             Requested size: 356.39758pt x 471.07056pt.


LaTeX Warning: `h' float specifier changed to `ht'.

[17])) (./chapters/testing_results.tex
Underfull \vbox (badness 1902) has occurred while \output is active []

 [18 <./chapters/media/mergesort4.png>] [19] [20

]
(./chapters/testing_results/testing_system.tex
Overfull \hbox (10.6858pt too wide) in paragraph at lines 6--26
 [] 
 []

) (./chapters/testing_results/about.tex [21])
(./chapters/testing_results/results.tex
(./chapters/testing_results/language_overhead.tex)
(./chapters/testing_results/common_operators.tex
<chapters/media/addition.png, id=488, 362.7954pt x 218.2554pt>
File: chapters/media/addition.png Graphic file (type png)

<use chapters/media/addition.png>
Package pdftex.def Info: chapters/media/addition.png used on input line 14.
(pdftex.def)             Requested size: 190.07831pt x 114.35266pt.

<chapters/media/subtraction.png, id=489, 362.3136pt x 218.2554pt>
File: chapters/media/subtraction.png Graphic file (type png)

<use chapters/media/subtraction.png>
Package pdftex.def Info: chapters/media/subtraction.png used on input line 14.
(pdftex.def)             Requested size: 190.07831pt x 114.4992pt.

Overfull \hbox (9.70657pt too wide) in paragraph at lines 14--15
 [][] 
 []


LaTeX Warning: `h' float specifier changed to `ht'.

<chapters/media/multiplication.png, id=490, 362.7954pt x 217.7736pt>
File: chapters/media/multiplication.png Graphic file (type png)

<use chapters/media/multiplication.png>
Package pdftex.def Info: chapters/media/multiplication.png used on input line 3
0.
(pdftex.def)             Requested size: 190.07831pt x 114.10023pt.

<chapters/media/division.png, id=491, 362.7954pt x 218.2554pt>
File: chapters/media/division.png Graphic file (type png)

<use chapters/media/division.png>
Package pdftex.def Info: chapters/media/division.png used on input line 30.
(pdftex.def)             Requested size: 190.07831pt x 114.35266pt.

Overfull \hbox (9.70657pt too wide) in paragraph at lines 30--31
 [][] 
 []


LaTeX Warning: `h' float specifier changed to `ht'.

<chapters/media/modulo.png, id=492, 362.7954pt x 217.7736pt>
File: chapters/media/modulo.png Graphic file (type png)

<use chapters/media/modulo.png>
Package pdftex.def Info: chapters/media/modulo.png used on input line 37.
(pdftex.def)             Requested size: 190.07831pt x 114.10023pt.


LaTeX Warning: `h' float specifier changed to `ht'.

) (./chapters/testing_results/insertion_sort.tex
<chapters/media/insertion_sort_all_net.png, id=496, 362.3136pt x 218.2554pt>
File: chapters/media/insertion_sort_all_net.png Graphic file (type png)

<use chapters/media/insertion_sort_all_net.png>
Package pdftex.def Info: chapters/media/insertion_sort_all_net.png used on inpu
t line 16.
(pdftex.def)             Requested size: 190.07831pt x 114.4992pt.

<chapters/media/insertion_sort_all_native.png, id=497, 362.7954pt x 218.2554pt>
File: chapters/media/insertion_sort_all_native.png Graphic file (type png)
<use chapters/media/insertion_sort_all_native.png>
Package pdftex.def Info: chapters/media/insertion_sort_all_native.png used on i
nput line 16.
(pdftex.def)             Requested size: 190.07831pt x 114.35266pt.

Overfull \hbox (9.70657pt too wide) in paragraph at lines 16--17
 [][] 
 []


LaTeX Warning: `h' float specifier changed to `ht'.

[22]
<chapters/media/insertion_sort_csharp_java.png, id=510, 362.3136pt x 218.2554pt
>
File: chapters/media/insertion_sort_csharp_java.png Graphic file (type png)
 <use chapters/media/insertion_sort_csharp_java.png>
Package pdftex.def Info: chapters/media/insertion_sort_csharp_java.png used on 
input line 34.
(pdftex.def)             Requested size: 190.07831pt x 114.4992pt.

<chapters/media/insertion_sort_python.png, id=511, 362.7954pt x 218.2554pt>
File: chapters/media/insertion_sort_python.png Graphic file (type png)

<use chapters/media/insertion_sort_python.png>
Package pdftex.def Info: chapters/media/insertion_sort_python.png used on input
 line 34.
(pdftex.def)             Requested size: 190.07831pt x 114.35266pt.

Overfull \hbox (9.70657pt too wide) in paragraph at lines 34--35
 [][] 
 []


LaTeX Warning: `h' float specifier changed to `ht'.

<chapters/media/insertion_sort_memory.png, id=512, 362.3136pt x 218.2554pt>
File: chapters/media/insertion_sort_memory.png Graphic file (type png)

<use chapters/media/insertion_sort_memory.png>
Package pdftex.def Info: chapters/media/insertion_sort_memory.png used on input
 line 41.
(pdftex.def)             Requested size: 237.60242pt x 143.12984pt.


LaTeX Warning: `h' float specifier changed to `ht'.

) (./chapters/testing_results/merge_sort.tex
<chapters/media/merge_sort_all_net.png, id=514, 438.438pt x 270.2898pt>
File: chapters/media/merge_sort_all_net.png Graphic file (type png)

<use chapters/media/merge_sort_all_net.png>
Package pdftex.def Info: chapters/media/merge_sort_all_net.png used on input li
ne 14.
(pdftex.def)             Requested size: 190.07831pt x 117.1833pt.

<chapters/media/merge_sort_all_native.png, id=515, 437.9562pt x 269.3262pt>
File: chapters/media/merge_sort_all_native.png Graphic file (type png)

<use chapters/media/merge_sort_all_native.png>
Package pdftex.def Info: chapters/media/merge_sort_all_native.png used on input
 line 14.
(pdftex.def)             Requested size: 190.07831pt x 116.88882pt.

Overfull \hbox (9.70657pt too wide) in paragraph at lines 14--15
 [][] 
 []


LaTeX Warning: `h' float specifier changed to `ht'.

<chapters/media/tim_sort.png, id=518, 362.3136pt x 217.7736pt>
File: chapters/media/tim_sort.png Graphic file (type png)

<use chapters/media/tim_sort.png>
Package pdftex.def Info: chapters/media/tim_sort.png used on input line 26.
(pdftex.def)             Requested size: 237.60242pt x 142.81387pt.


LaTeX Warning: `h' float specifier changed to `ht'.


<chapters/media/mergesort_memory_1mil_all.png, id=520, 1035.87pt x 426.59375pt>
File: chapters/media/mergesort_memory_1mil_all.png Graphic file (type png)
<use chapters/media/mergesort_memory_1mil_all.png>
Package pdftex.def Info: chapters/media/mergesort_memory_1mil_all.png used on i
nput line 37.
(pdftex.def)             Requested size: 396.0pt x 163.0837pt.


LaTeX Warning: `h' float specifier changed to `ht'.

[23 <./chapters/media/addition.png> <./chapters/media/subtraction.png> <./chapt
ers/media/multiplication.png> <./chapters/media/division.png>]
<chapters/media/merge_sort_memory.png, id=544, 508.7808pt x 314.1336pt>
File: chapters/media/merge_sort_memory.png Graphic file (type png)

<use chapters/media/merge_sort_memory.png>
Package pdftex.def Info: chapters/media/merge_sort_memory.png used on input lin
e 48.
(pdftex.def)             Requested size: 396.0pt x 244.51033pt.


LaTeX Warning: `h' float specifier changed to `ht'.

))) (./chapters/discussion.tex [24 <./chapters/media/modulo.png> <./chapters/me
dia/insertion_sort_all_net.png> <./chapters/media/insertion_sort_all_native.png
>] [25 <./chapters/media/insertion_sort_csharp_java.png> <./chapters/media/inse
rtion_sort_python.png> <./chapters/media/insertion_sort_memory.png> <./chapters
/media/merge_sort_all_net.png> <./chapters/media/merge_sort_all_native.png>]
[26 <./chapters/media/tim_sort.png> <./chapters/media/mergesort_memory_1mil_all
.png (PNG copy)>] [27 <./chapters/media/merge_sort_memory.png>] [28

]
(./chapters/discussion/result_reflections.tex [29])
(./chapters/discussion/conclusion.tex) (./chapters/discussion/future_work.tex))
[30] (./xjobb-en.bbl [31

] [32

]
bibitemlist
LaTeX Font Info:    Try loading font information for T1+lmtt on input line 48.
(/usr/local/texlive/2012/texmf-dist/tex/latex/lm/t1lmtt.fd
File: t1lmtt.fd 2009/10/30 v1.6 Font defs for Latin Modern
)
Underfull \hbox (badness 10000) in paragraph at lines 45--50
[]$\T1/lmtt/m/n/10.95 http : / / msdn . microsoft . com / en-[]us / library / m
icrosoft . csharp .
 []


Underfull \hbox (badness 10000) in paragraph at lines 52--57
[]$\T1/lmtt/m/n/10.95 http : / / msdn . microsoft . com / en-[]us / library / s
ystem . codedom . compiler .
 []

[33]
Underfull \hbox (badness 10000) in paragraph at lines 66--71
[]$\T1/lmtt/m/n/10.95 http : / / www . oracle . com / technetwork / java / java
se / overview / index .
 []


Underfull \hbox (badness 10000) in paragraph at lines 112--117
[]$\T1/lmtt/m/n/10.95 http : / / msdn . microsoft . com / en-[]us / library / s
ystem .
 []


Underfull \hbox (badness 10000) in paragraph at lines 119--124
[]$\T1/lmtt/m/n/10.95 https : / / github . com / IronLanguages / main / blob / 
master /
 []


Underfull \hbox (badness 10000) in paragraph at lines 119--124
\T1/lmtt/m/n/10.95 Languages / IronPython / Public / Doc / dotnet-[]integration
 . rst #
 []


Underfull \hbox (badness 10000) in paragraph at lines 126--131
[]$\T1/lmtt/m/n/10.95 http : / / msdn . microsoft . com / en-[]us / library / s
ystem . diagnostics .
 []

[34]
Underfull \hbox (badness 10000) in paragraph at lines 151--157
[]$\T1/lmtt/m/n/10.95 http : / / www . codeproject . com / Articles / 92812 /
 []

) [35]
\tf@toc=\write5
\openout5 = `xjobb-en.toc'.

Package atveryend Info: Empty hook `BeforeClearDocument' on input line 86.
Package atveryend Info: Empty hook `AfterLastShipout' on input line 86.
 (./xjobb-en.aux)
Package atveryend Info: Executing hook `AtVeryEndDocument' on input line 86.
Package atveryend Info: Executing hook `AtEndAfterFileList' on input line 86.
Package rerunfilecheck Info: File `xjobb-en.out' has not changed.
(rerunfilecheck)             Checksum: C0062A48D6B585CD622C96AE65E4C533;2783.
Package atveryend Info: Empty hook `AtVeryVeryEnd' on input line 86.
 ) 
Here is how much of TeX's memory you used:
 11427 strings out of 493488
 162881 string characters out of 3141326
 300667 words of memory out of 3000000
 14286 multiletter control sequences out of 15000+200000
 80125 words of font info for 56 fonts, out of 3000000 for 9000
 957 hyphenation exceptions out of 8191
 33i,12n,47p,1144b,1260s stack positions out of 5000i,500n,10000p,200000b,50000s
{/usr/local/texlive/2012/texmf-dist/fonts/enc/dvips/lm/lm-ec.enc}{/usr/local/
texlive/2012/texmf-dist/fonts/enc/dvips/lm/lm-mathsy.enc}{/usr/local/texlive/20
12/texmf-dist/fonts/enc/dvips/lm/lm-rm.enc}{/usr/local/texlive/2012/texmf-dist/
fonts/enc/dvips/lm/lm-mathit.enc}{/usr/local/texlive/2012/texmf-dist/fonts/enc/
dvips/lm/lm-ts1.enc}</usr/local/texlive/2012/texmf-dist/fonts/type1/public/lm/l
mbx10.pfb></usr/local/texlive/2012/texmf-dist/fonts/type1/public/lm/lmbx9.pfb><
/usr/local/texlive/2012/texmf-dist/fonts/type1/public/lm/lmmi10.pfb></usr/local
/texlive/2012/texmf-dist/fonts/type1/public/lm/lmr10.pfb></usr/local/texlive/20
12/texmf-dist/fonts/type1/public/lm/lmr8.pfb></usr/local/texlive/2012/texmf-dis
t/fonts/type1/public/lm/lmr9.pfb></usr/local/texlive/2012/texmf-dist/fonts/type
1/public/lm/lmri10.pfb></usr/local/texlive/2012/texmf-dist/fonts/type1/public/l
m/lmss10.pfb></usr/local/texlive/2012/texmf-dist/fonts/type1/public/lm/lmss12.p
fb></usr/local/texlive/2012/texmf-dist/fonts/type1/public/lm/lmssbx10.pfb></usr
/local/texlive/2012/texmf-dist/fonts/type1/public/lm/lmssdc10.pfb></usr/local/t
exlive/2012/texmf-dist/fonts/type1/public/lm/lmsy10.pfb></usr/local/texlive/201
2/texmf-dist/fonts/type1/public/lm/lmtt10.pfb>
Output written on xjobb-en.pdf (45 pages, 1045707 bytes).
PDF statistics:
 755 PDF objects out of 1000 (max. 8388607)
 647 compressed objects within 7 object streams
 165 named destinations out of 1000 (max. 500000)
 481 words of extra memory for PDF output out of 10000 (max. 10000000)

