\BOOKMARK [0][-]{chapter.1}{Introduction}{}% 1
\BOOKMARK [1][-]{section.1.1}{Problem Statement}{chapter.1}% 2
\BOOKMARK [1][-]{section.1.2}{Goal}{chapter.1}% 3
\BOOKMARK [1][-]{section.1.3}{About Valtech}{chapter.1}% 4
\BOOKMARK [0][-]{chapter.2}{Background}{}% 5
\BOOKMARK [1][-]{section.2.1}{What is a derp?}{chapter.2}% 6
\BOOKMARK [1][-]{section.2.2}{Previous work}{chapter.2}% 7
\BOOKMARK [2][-]{subsection.2.2.1}{Derp1}{section.2.2}% 8
\BOOKMARK [2][-]{subsection.2.2.2}{Derp2}{section.2.2}% 9
\BOOKMARK [1][-]{section.2.3}{Performance}{chapter.2}% 10
\BOOKMARK [2][-]{subsection.2.3.1}{Scaling}{section.2.3}% 11
\BOOKMARK [2][-]{subsection.2.3.2}{Memory}{section.2.3}% 12
\BOOKMARK [2][-]{subsection.2.3.3}{Security}{section.2.3}% 13
\BOOKMARK [0][-]{chapter.3}{Method and Results}{}% 14
\BOOKMARK [1][-]{section.3.1}{Choice of Method}{chapter.3}% 15
\BOOKMARK [1][-]{section.3.2}{The First System}{chapter.3}% 16
\BOOKMARK [2][-]{subsection.3.2.1}{Derp1}{section.3.2}% 17
\BOOKMARK [1][-]{section.3.3}{The second system}{chapter.3}% 18
\BOOKMARK [2][-]{subsection.3.3.1}{Derp2}{section.3.3}% 19
\BOOKMARK [0][-]{chapter.4}{Discussion}{}% 20
\BOOKMARK [1][-]{section.4.1}{Comparison with derp}{chapter.4}% 21
\BOOKMARK [1][-]{section.4.2}{Comparison with herpa derp}{chapter.4}% 22
\BOOKMARK [1][-]{section.4.3}{Method Evaluation}{chapter.4}% 23
\BOOKMARK [1][-]{section.4.4}{Conclusions}{chapter.4}% 24
\BOOKMARK [1][-]{section.4.5}{Future Work}{chapter.4}% 25
\BOOKMARK [0][-]{section*.1}{Appendices}{}% 26
